Microsoft (R) Macro Assembler Version 6.15.8803		    10/01/05 10:42:40
example.asm						     Page 1 - 1


				;example.asm
					.model small
					.486
					.stack
 0000					.data

 0000					.code
					.startup
 0000			   *@Startup:
 0000  B8 ---- R	   *	    mov    ax, DGROUP
 0003  8E D8		   *	    mov    ds, ax
 0005  8C D3		   *	    mov    bx, ss
 0007  2B D8		   *	    sub    bx, ax
 0009  C1 E3 04		   *	    shl    bx, 004h
 000C  8E D0		   *	    mov    ss, ax
 000E  03 E3		   *	    add    sp, bx
					
					.exit
 0010  B4 4C		   *	    mov    ah, 04Ch
 0012  CD 21		   *	    int    021h

					end
Microsoft (R) Macro Assembler Version 6.15.8803		    10/01/05 10:42:40
example.asm						     Symbols 2 - 1




Segments and Groups:

                N a m e                 Size     Length   Align   Combine Class

DGROUP . . . . . . . . . . . . .	GROUP
_DATA  . . . . . . . . . . . . .	16 Bit	 0000	  Word	  Public  'DATA'	
STACK  . . . . . . . . . . . . .	16 Bit	 0400	  Para	  Stack	  'STACK'	 
_TEXT  . . . . . . . . . . . . .	16 Bit	 0014	  Word	  Public  'CODE'	


Symbols:

                N a m e                 Type     Value    Attr

@CodeSize  . . . . . . . . . . .	Number	 0000h	 
@DataSize  . . . . . . . . . . .	Number	 0000h	 
@Interface . . . . . . . . . . .	Number	 0000h	 
@Model . . . . . . . . . . . . .	Number	 0002h	 
@Startup . . . . . . . . . . . .	L Near	 0000	  _TEXT	
@code  . . . . . . . . . . . . .	Text   	 _TEXT
@data  . . . . . . . . . . . . .	Text   	 DGROUP
@fardata?  . . . . . . . . . . .	Text   	 FAR_BSS
@fardata . . . . . . . . . . . .	Text   	 FAR_DATA
@stack . . . . . . . . . . . . .	Text   	 DGROUP

	   0 Warnings
	   0 Errors
